16:34:59 **** Incremental Build of configuration Debug for project testSTM ****
make -j8 all 
arm-none-eabi-gcc "../Core/Src/main.c" -mcpu=cortex-m4 -std=gnu11 -g3 -DDEBUG -DUSE_HAL_DRIVER -DSTM32F401xC -c -I"C:/Users/govind/VeloCET/payload2.0/stm/testSTM/Core/ICM20948/util" -I../Core/Inc -I"C:/Users/govind/VeloCET/payload2.0/stm/testSTM/Core/ICM20948" -I../Drivers/STM32F4xx_HAL_Driver/Inc -I../Drivers/STM32F4xx_HAL_Driver/Inc/Legacy -I../Drivers/CMSIS/Device/ST/STM32F4xx/Include -I../Drivers/CMSIS/Include -O0 -ffunction-sections -fdata-sections -Wall -fstack-usage -fcyclomatic-complexity -MMD -MP -MF"Core/Src/main.d" -MT"Core/Src/main.o" --specs=nano.specs -mfpu=fpv4-sp-d16 -mfloat-abi=hard -mthumb -o "Core/Src/main.o"
arm-none-eabi-g++ -o "testSTM.elf" @"objects.list"   -mcpu=cortex-m4 -T"C:\Users\govind\VeloCET\payload2.0\stm\testSTM\STM32F401CCUX_FLASH.ld" -Wl,-Map="testSTM.map" -Wl,--gc-sections -static --specs=nano.specs -mfpu=fpv4-sp-d16 -mfloat-abi=hard -mthumb -u _printf_float -Wl,--start-group -lc -lm -lstdc++ -lsupc++ -Wl,--end-group
Finished building target: testSTM.elf
 
arm-none-eabi-size  testSTM.elf 
arm-none-eabi-objdump -h -S testSTM.elf  > "testSTM.list"
   text	   data	    bss	    dec	    hex	filename
  40368	    468	   2316	  43152	   a890	testSTM.elf
Finished building: default.size.stdout
 
Finished building: testSTM.list
 
16:35:04 **** Incremental Build of configuration Debug for project testSTM ****
make -j8 all 
arm-none-eabi-size  testSTM.elf 
   text	   data	    bss	    dec	    hex	filename
  40368	    468	   2316	  43152	   a890	testSTM.elf
Finished building: default.size.stdout
 
16:45:21 **** Incremental Build of configuration Debug for project testSTM ****
make -j8 all 
arm-none-eabi-size  testSTM.elf 
   text	   data	    bss	    dec	    hex	filename
  40368	    468	   2316	  43152	   a890	testSTM.elf
Finished building: default.size.stdout
 
16:46:10 **** Incremental Build of configuration Debug for project testSTM ****
make -j8 all 
arm-none-eabi-size  testSTM.elf 
   text	   data	    bss	    dec	    hex	filename
  40368	    468	   2316	  43152	   a890	testSTM.elf
Finished building: default.size.stdout
 
16:47:17 **** Incremental Build of configuration Debug for project testSTM ****
make -j8 all 
arm-none-eabi-size  testSTM.elf 
   text	   data	    bss	    dec	    hex	filename
  40368	    468	   2316	  43152	   a890	testSTM.elf
Finished building: default.size.stdout
 
19:17:19 **** Build of configuration Debug for project testSTM ****
make -j8 all 
arm-none-eabi-gcc "../Core/Src/main.c" -mcpu=cortex-m4 -std=gnu11 -g3 -DDEBUG -DUSE_HAL_DRIVER -DSTM32F401xC -c -I"C:/Users/govind/VeloCET/payload2.0/stm/testSTM/Core/ICM20948/util" -I../Core/Inc -I"C:/Users/govind/VeloCET/payload2.0/stm/testSTM/Core/ICM20948" -I../Drivers/STM32F4xx_HAL_Driver/Inc -I../Drivers/STM32F4xx_HAL_Driver/Inc/Legacy -I../Drivers/CMSIS/Device/ST/STM32F4xx/Include -I../Drivers/CMSIS/Include -O0 -ffunction-sections -fdata-sections -Wall -fstack-usage -fcyclomatic-complexity -MMD -MP -MF"Core/Src/main.d" -MT"Core/Src/main.o" --specs=nano.specs -mfpu=fpv4-sp-d16 -mfloat-abi=hard -mthumb -o "Core/Src/main.o"
arm-none-eabi-g++ -o "testSTM.elf" @"objects.list"   -mcpu=cortex-m4 -T"C:\Users\govind\VeloCET\payload2.0\stm\testSTM\STM32F401CCUX_FLASH.ld" -Wl,-Map="testSTM.map" -Wl,--gc-sections -static --specs=nano.specs -mfpu=fpv4-sp-d16 -mfloat-abi=hard -mthumb -u _printf_float -Wl,--start-group -lc -lm -lstdc++ -lsupc++ -Wl,--end-group
Finished building target: testSTM.elf
 
arm-none-eabi-size  testSTM.elf 
arm-none-eabi-objdump -h -S testSTM.elf  > "testSTM.list"
   text	   data	    bss	    dec	    hex	filename
  40368	    468	   2316	  43152	   a890	testSTM.elf
Finished building: default.size.stdout
 
Finished building: testSTM.list
 
19:17:57 **** Incremental Build of configuration Debug for project testSTM ****
make -j8 all 
arm-none-eabi-size  testSTM.elf 
   text	   data	    bss	    dec	    hex	filename
  40368	    468	   2316	  43152	   a890	testSTM.elf
Finished building: default.size.stdout
 
19:18:22 **** Incremental Build of configuration Debug for project testSTM ****
make -j8 all 
arm-none-eabi-size  testSTM.elf 
   text	   data	    bss	    dec	    hex	filename
  40368	    468	   2316	  43152	   a890	testSTM.elf
Finished building: default.size.stdout
 
13:24:57 **** Build of configuration Debug for project testSTM ****
make -j8 all 
arm-none-eabi-gcc "../Core/Src/main.c" -mcpu=cortex-m4 -std=gnu11 -g3 -DDEBUG -DUSE_HAL_DRIVER -DSTM32F401xC -c -I"C:/Users/govind/VeloCET/payload2.0/stm/testSTM/Core/ICM20948/util" -I../Core/Inc -I"C:/Users/govind/VeloCET/payload2.0/stm/testSTM/Core/ICM20948" -I../Drivers/STM32F4xx_HAL_Driver/Inc -I../Drivers/STM32F4xx_HAL_Driver/Inc/Legacy -I../Drivers/CMSIS/Device/ST/STM32F4xx/Include -I../Drivers/CMSIS/Include -O0 -ffunction-sections -fdata-sections -Wall -fstack-usage -fcyclomatic-complexity -MMD -MP -MF"Core/Src/main.d" -MT"Core/Src/main.o" --specs=nano.specs -mfpu=fpv4-sp-d16 -mfloat-abi=hard -mthumb -o "Core/Src/main.o"
arm-none-eabi-g++ -o "testSTM.elf" @"objects.list"   -mcpu=cortex-m4 -T"C:\Users\govind\VeloCET\payload2.0\stm\testSTM\STM32F401CCUX_FLASH.ld" -Wl,-Map="testSTM.map" -Wl,--gc-sections -static --specs=nano.specs -mfpu=fpv4-sp-d16 -mfloat-abi=hard -mthumb -u _printf_float -Wl,--start-group -lc -lm -lstdc++ -lsupc++ -Wl,--end-group
Finished building target: testSTM.elf
 
arm-none-eabi-size  testSTM.elf 
arm-none-eabi-objdump -h -S testSTM.elf  > "testSTM.list"
   text	   data	    bss	    dec	    hex	filename
  37420	    468	   2284	  40172	   9cec	testSTM.elf
Finished building: default.size.stdout
 
Finished building: testSTM.list
 
13:46:04 **** Incremental Build of configuration Debug for project testSTM ****
make -j8 all 
arm-none-eabi-gcc "../Core/Src/main.c" -mcpu=cortex-m4 -std=gnu11 -g3 -DDEBUG -DUSE_HAL_DRIVER -DSTM32F401xC -c -I"C:/Users/govind/VeloCET/payload2.0/stm/testSTM/Core/ICM20948/util" -I../Core/Inc -I"C:/Users/govind/VeloCET/payload2.0/stm/testSTM/Core/ICM20948" -I../Drivers/STM32F4xx_HAL_Driver/Inc -I../Drivers/STM32F4xx_HAL_Driver/Inc/Legacy -I../Drivers/CMSIS/Device/ST/STM32F4xx/Include -I../Drivers/CMSIS/Include -O0 -ffunction-sections -fdata-sections -Wall -fstack-usage -fcyclomatic-complexity -MMD -MP -MF"Core/Src/main.d" -MT"Core/Src/main.o" --specs=nano.specs -mfpu=fpv4-sp-d16 -mfloat-abi=hard -mthumb -o "Core/Src/main.o"
../Core/Src/main.c: In function 'Parse_GNGGA':
../Core/Src/main.c:224:27: warning: variable 'longitude' set but not used [-Wunused-but-set-variable]
  224 |     float latitude = 0.0, longitude = 0.0;
      |                           ^~~~~~~~~
arm-none-eabi-g++ -o "testSTM.elf" @"objects.list"   -mcpu=cortex-m4 -T"C:\Users\govind\VeloCET\payload2.0\stm\testSTM\STM32F401CCUX_FLASH.ld" -Wl,-Map="testSTM.map" -Wl,--gc-sections -static --specs=nano.specs -mfpu=fpv4-sp-d16 -mfloat-abi=hard -mthumb -u _printf_float -Wl,--start-group -lc -lm -lstdc++ -lsupc++ -Wl,--end-group
Finished building target: testSTM.elf
 
arm-none-eabi-size  testSTM.elf 
arm-none-eabi-objdump -h -S testSTM.elf  > "testSTM.list"
   text	   data	    bss	    dec	    hex	filename
  38148	    468	   2300	  40916	   9fd4	testSTM.elf
Finished building: default.size.stdout
 
Finished building: testSTM.list
 
13:57:12 **** Incremental Build of configuration Debug for project testSTM ****
make -j8 all 
arm-none-eabi-gcc "../Core/Src/main.c" -mcpu=cortex-m4 -std=gnu11 -g3 -DDEBUG -DUSE_HAL_DRIVER -DSTM32F401xC -c -I"C:/Users/govind/VeloCET/payload2.0/stm/testSTM/Core/ICM20948/util" -I../Core/Inc -I"C:/Users/govind/VeloCET/payload2.0/stm/testSTM/Core/ICM20948" -I../Drivers/STM32F4xx_HAL_Driver/Inc -I../Drivers/STM32F4xx_HAL_Driver/Inc/Legacy -I../Drivers/CMSIS/Device/ST/STM32F4xx/Include -I../Drivers/CMSIS/Include -O0 -ffunction-sections -fdata-sections -Wall -fstack-usage -fcyclomatic-complexity -MMD -MP -MF"Core/Src/main.d" -MT"Core/Src/main.o" --specs=nano.specs -mfpu=fpv4-sp-d16 -mfloat-abi=hard -mthumb -o "Core/Src/main.o"
../Core/Src/main.c: In function 'Parse_GNGGA':
../Core/Src/main.c:326:27: warning: variable 'longitude' set but not used [-Wunused-but-set-variable]
  326 |     float latitude = 0.0, longitude = 0.0;
      |                           ^~~~~~~~~
arm-none-eabi-g++ -o "testSTM.elf" @"objects.list"   -mcpu=cortex-m4 -T"C:\Users\govind\VeloCET\payload2.0\stm\testSTM\STM32F401CCUX_FLASH.ld" -Wl,-Map="testSTM.map" -Wl,--gc-sections -static --specs=nano.specs -mfpu=fpv4-sp-d16 -mfloat-abi=hard -mthumb -u _printf_float -Wl,--start-group -lc -lm -lstdc++ -lsupc++ -Wl,--end-group
Finished building target: testSTM.elf
 
arm-none-eabi-size  testSTM.elf 
arm-none-eabi-objdump -h -S testSTM.elf  > "testSTM.list"
   text	   data	    bss	    dec	    hex	filename
  38516	    472	   2296	  41284	   a144	testSTM.elf
Finished building: default.size.stdout
 
Finished building: testSTM.list
 
14:00:33 **** Incremental Build of configuration Debug for project testSTM ****
make -j8 all 
arm-none-eabi-gcc "../Core/Src/main.c" -mcpu=cortex-m4 -std=gnu11 -g3 -DDEBUG -DUSE_HAL_DRIVER -DSTM32F401xC -c -I"C:/Users/govind/VeloCET/payload2.0/stm/testSTM/Core/ICM20948/util" -I../Core/Inc -I"C:/Users/govind/VeloCET/payload2.0/stm/testSTM/Core/ICM20948" -I../Drivers/STM32F4xx_HAL_Driver/Inc -I../Drivers/STM32F4xx_HAL_Driver/Inc/Legacy -I../Drivers/CMSIS/Device/ST/STM32F4xx/Include -I../Drivers/CMSIS/Include -O0 -ffunction-sections -fdata-sections -Wall -fstack-usage -fcyclomatic-complexity -MMD -MP -MF"Core/Src/main.d" -MT"Core/Src/main.o" --specs=nano.specs -mfpu=fpv4-sp-d16 -mfloat-abi=hard -mthumb -o "Core/Src/main.o"
../Core/Src/main.c: In function 'Parse_GNGGA':
../Core/Src/main.c:267:27: warning: variable 'longitude' set but not used [-Wunused-but-set-variable]
  267 |     float latitude = 0.0, longitude = 0.0;
      |                           ^~~~~~~~~
arm-none-eabi-g++ -o "testSTM.elf" @"objects.list"   -mcpu=cortex-m4 -T"C:\Users\govind\VeloCET\payload2.0\stm\testSTM\STM32F401CCUX_FLASH.ld" -Wl,-Map="testSTM.map" -Wl,--gc-sections -static --specs=nano.specs -mfpu=fpv4-sp-d16 -mfloat-abi=hard -mthumb -u _printf_float -Wl,--start-group -lc -lm -lstdc++ -lsupc++ -Wl,--end-group
Finished building target: testSTM.elf
 
arm-none-eabi-size  testSTM.elf 
arm-none-eabi-objdump -h -S testSTM.elf  > "testSTM.list"
   text	   data	    bss	    dec	    hex	filename
  38436	    472	   2296	  41204	   a0f4	testSTM.elf
Finished building: default.size.stdout
 
Finished building: testSTM.list
 
14:15:37 **** Incremental Build of configuration Debug for project testSTM ****
make -j8 all 
arm-none-eabi-gcc "../Core/Src/main.c" -mcpu=cortex-m4 -std=gnu11 -g3 -DDEBUG -DUSE_HAL_DRIVER -DSTM32F401xC -c -I"C:/Users/govind/VeloCET/payload2.0/stm/testSTM/Core/ICM20948/util" -I../Core/Inc -I"C:/Users/govind/VeloCET/payload2.0/stm/testSTM/Core/ICM20948" -I../Drivers/STM32F4xx_HAL_Driver/Inc -I../Drivers/STM32F4xx_HAL_Driver/Inc/Legacy -I../Drivers/CMSIS/Device/ST/STM32F4xx/Include -I../Drivers/CMSIS/Include -O0 -ffunction-sections -fdata-sections -Wall -fstack-usage -fcyclomatic-complexity -MMD -MP -MF"Core/Src/main.d" -MT"Core/Src/main.o" --specs=nano.specs -mfpu=fpv4-sp-d16 -mfloat-abi=hard -mthumb -o "Core/Src/main.o"
arm-none-eabi-g++ -o "testSTM.elf" @"objects.list"   -mcpu=cortex-m4 -T"C:\Users\govind\VeloCET\payload2.0\stm\testSTM\STM32F401CCUX_FLASH.ld" -Wl,-Map="testSTM.map" -Wl,--gc-sections -static --specs=nano.specs -mfpu=fpv4-sp-d16 -mfloat-abi=hard -mthumb -u _printf_float -Wl,--start-group -lc -lm -lstdc++ -lsupc++ -Wl,--end-group
Finished building target: testSTM.elf
 
arm-none-eabi-size  testSTM.elf 
arm-none-eabi-objdump -h -S testSTM.elf  > "testSTM.list"
   text	   data	    bss	    dec	    hex	filename
  38452	    472	   2312	  41236	   a114	testSTM.elf
Finished building: default.size.stdout
 
Finished building: testSTM.list
 
14:16:29 **** Incremental Build of configuration Debug for project testSTM ****
make -j8 all 
arm-none-eabi-size  testSTM.elf 
   text	   data	    bss	    dec	    hex	filename
  38452	    472	   2312	  41236	   a114	testSTM.elf
Finished building: default.size.stdout
 
14:20:24 **** Incremental Build of configuration Debug for project testSTM ****
make -j8 all 
arm-none-eabi-gcc "../Core/Src/main.c" -mcpu=cortex-m4 -std=gnu11 -g3 -DDEBUG -DUSE_HAL_DRIVER -DSTM32F401xC -c -I"C:/Users/govind/VeloCET/payload2.0/stm/testSTM/Core/ICM20948/util" -I../Core/Inc -I"C:/Users/govind/VeloCET/payload2.0/stm/testSTM/Core/ICM20948" -I../Drivers/STM32F4xx_HAL_Driver/Inc -I../Drivers/STM32F4xx_HAL_Driver/Inc/Legacy -I../Drivers/CMSIS/Device/ST/STM32F4xx/Include -I../Drivers/CMSIS/Include -O0 -ffunction-sections -fdata-sections -Wall -fstack-usage -fcyclomatic-complexity -MMD -MP -MF"Core/Src/main.d" -MT"Core/Src/main.o" --specs=nano.specs -mfpu=fpv4-sp-d16 -mfloat-abi=hard -mthumb -o "Core/Src/main.o"
../Core/Src/main.c: In function 'MPU6050_Calibrate':
../Core/Src/main.c:203:5: warning: this 'if' clause does not guard... [-Wmisleading-indentation]
  203 |     if (Vertical_Axis == 0) AccX_Offset -= gravity_raw; if (Vertical_Axis == 1) AccY_Offset -= gravity_raw; if (Vertical_Axis == 2) AccZ_Offset -= gravity_raw;
      |     ^~
../Core/Src/main.c:203:57: note: ...this statement, but the latter is misleadingly indented as if it were guarded by the 'if'
  203 |     if (Vertical_Axis == 0) AccX_Offset -= gravity_raw; if (Vertical_Axis == 1) AccY_Offset -= gravity_raw; if (Vertical_Axis == 2) AccZ_Offset -= gravity_raw;
      |                                                         ^~
arm-none-eabi-g++ -o "testSTM.elf" @"objects.list"   -mcpu=cortex-m4 -T"C:\Users\govind\VeloCET\payload2.0\stm\testSTM\STM32F401CCUX_FLASH.ld" -Wl,-Map="testSTM.map" -Wl,--gc-sections -static --specs=nano.specs -mfpu=fpv4-sp-d16 -mfloat-abi=hard -mthumb -u _printf_float -Wl,--start-group -lc -lm -lstdc++ -lsupc++ -Wl,--end-group
Finished building target: testSTM.elf
 
arm-none-eabi-size  testSTM.elf 
arm-none-eabi-objdump -h -S testSTM.elf  > "testSTM.list"
   text	   data	    bss	    dec	    hex	filename
  38396	    472	   2312	  41180	   a0dc	testSTM.elf
Finished building: default.size.stdout
 
Finished building: testSTM.list
 
14:22:15 **** Incremental Build of configuration Debug for project testSTM ****
make -j8 all 
arm-none-eabi-gcc "../Core/Src/main.c" -mcpu=cortex-m4 -std=gnu11 -g3 -DDEBUG -DUSE_HAL_DRIVER -DSTM32F401xC -c -I"C:/Users/govind/VeloCET/payload2.0/stm/testSTM/Core/ICM20948/util" -I../Core/Inc -I"C:/Users/govind/VeloCET/payload2.0/stm/testSTM/Core/ICM20948" -I../Drivers/STM32F4xx_HAL_Driver/Inc -I../Drivers/STM32F4xx_HAL_Driver/Inc/Legacy -I../Drivers/CMSIS/Device/ST/STM32F4xx/Include -I../Drivers/CMSIS/Include -O0 -ffunction-sections -fdata-sections -Wall -fstack-usage -fcyclomatic-complexity -MMD -MP -MF"Core/Src/main.d" -MT"Core/Src/main.o" --specs=nano.specs -mfpu=fpv4-sp-d16 -mfloat-abi=hard -mthumb -o "Core/Src/main.o"
../Core/Src/main.c: In function 'MPU6050_Calibrate':
../Core/Src/main.c:155:5: warning: this 'if' clause does not guard... [-Wmisleading-indentation]
  155 |     if (Vertical_Axis == 0) AccX_Offset -= gravity_raw; if (Vertical_Axis == 1) AccY_Offset -= gravity_raw; if (Vertical_Axis == 2) AccZ_Offset -= gravity_raw;
      |     ^~
../Core/Src/main.c:155:57: note: ...this statement, but the latter is misleadingly indented as if it were guarded by the 'if'
  155 |     if (Vertical_Axis == 0) AccX_Offset -= gravity_raw; if (Vertical_Axis == 1) AccY_Offset -= gravity_raw; if (Vertical_Axis == 2) AccZ_Offset -= gravity_raw;
      |                                                         ^~
arm-none-eabi-g++ -o "testSTM.elf" @"objects.list"   -mcpu=cortex-m4 -T"C:\Users\govind\VeloCET\payload2.0\stm\testSTM\STM32F401CCUX_FLASH.ld" -Wl,-Map="testSTM.map" -Wl,--gc-sections -static --specs=nano.specs -mfpu=fpv4-sp-d16 -mfloat-abi=hard -mthumb -u _printf_float -Wl,--start-group -lc -lm -lstdc++ -lsupc++ -Wl,--end-group
Finished building target: testSTM.elf
 
arm-none-eabi-size  testSTM.elf 
arm-none-eabi-objdump -h -S testSTM.elf  > "testSTM.list"
   text	   data	    bss	    dec	    hex	filename
  38436	    472	   2312	  41220	   a104	testSTM.elf
Finished building: default.size.stdout
 
Finished building: testSTM.list
 
12:14:58 **** Incremental Build of configuration Debug for project testSTM ****
make -j8 all 
arm-none-eabi-gcc "../Core/Src/main.c" -mcpu=cortex-m4 -std=gnu11 -g3 -DDEBUG -DUSE_HAL_DRIVER -DSTM32F401xC -c -I"C:/Users/govind/VeloCET/payload2.0/stm/testSTM/Core/ICM20948/util" -I../Core/Inc -I"C:/Users/govind/VeloCET/payload2.0/stm/testSTM/Core/ICM20948" -I../Drivers/STM32F4xx_HAL_Driver/Inc -I../Drivers/STM32F4xx_HAL_Driver/Inc/Legacy -I../Drivers/CMSIS/Device/ST/STM32F4xx/Include -I../Drivers/CMSIS/Include -O0 -ffunction-sections -fdata-sections -Wall -fstack-usage -fcyclomatic-complexity -MMD -MP -MF"Core/Src/main.d" -MT"Core/Src/main.o" --specs=nano.specs -mfpu=fpv4-sp-d16 -mfloat-abi=hard -mthumb -o "Core/Src/main.o"
../Core/Src/main.c: In function 'MPU6050_Calibrate':
../Core/Src/main.c:216:5: warning: this 'if' clause does not guard... [-Wmisleading-indentation]
  216 |     if (Vertical_Axis == 0) AccX_Offset -= gravity_raw; if (Vertical_Axis == 1) AccY_Offset -= gravity_raw; if (Vertical_Axis == 2) AccZ_Offset -= gravity_raw;
      |     ^~
../Core/Src/main.c:216:57: note: ...this statement, but the latter is misleadingly indented as if it were guarded by the 'if'
  216 |     if (Vertical_Axis == 0) AccX_Offset -= gravity_raw; if (Vertical_Axis == 1) AccY_Offset -= gravity_raw; if (Vertical_Axis == 2) AccZ_Offset -= gravity_raw;
      |                                                         ^~
arm-none-eabi-g++ -o "testSTM.elf" @"objects.list"   -mcpu=cortex-m4 -T"C:\Users\govind\VeloCET\payload2.0\stm\testSTM\STM32F401CCUX_FLASH.ld" -Wl,-Map="testSTM.map" -Wl,--gc-sections -static --specs=nano.specs -mfpu=fpv4-sp-d16 -mfloat-abi=hard -mthumb -u _printf_float -Wl,--start-group -lc -lm -lstdc++ -lsupc++ -Wl,--end-group
Finished building target: testSTM.elf
 
arm-none-eabi-size  testSTM.elf 
arm-none-eabi-objdump -h -S testSTM.elf  > "testSTM.list"
   text	   data	    bss	    dec	    hex	filename
  38644	    472	   2320	  41436	   a1dc	testSTM.elf
Finished building: default.size.stdout
 
Finished building: testSTM.list
 
13:58:14 **** Incremental Build of configuration Debug for project testSTM ****
make -j8 all 
arm-none-eabi-gcc "../Core/Src/main.c" -mcpu=cortex-m4 -std=gnu11 -g3 -DDEBUG -DUSE_HAL_DRIVER -DSTM32F401xC -c -I"C:/Users/govind/VeloCET/payload2.0/stm/testSTM/Core/ICM20948/util" -I../Core/Inc -I"C:/Users/govind/VeloCET/payload2.0/stm/testSTM/Core/ICM20948" -I../Drivers/STM32F4xx_HAL_Driver/Inc -I../Drivers/STM32F4xx_HAL_Driver/Inc/Legacy -I../Drivers/CMSIS/Device/ST/STM32F4xx/Include -I../Drivers/CMSIS/Include -O0 -ffunction-sections -fdata-sections -Wall -fstack-usage -fcyclomatic-complexity -MMD -MP -MF"Core/Src/main.d" -MT"Core/Src/main.o" --specs=nano.specs -mfpu=fpv4-sp-d16 -mfloat-abi=hard -mthumb -o "Core/Src/main.o"
../Core/Src/main.c: In function 'MPU6050_Calibrate':
../Core/Src/main.c:219:5: warning: this 'if' clause does not guard... [-Wmisleading-indentation]
  219 |     if (Vertical_Axis == 0) AccX_Offset -= gravity_raw; if (Vertical_Axis == 1) AccY_Offset -= gravity_raw; if (Vertical_Axis == 2) AccZ_Offset -= gravity_raw;
      |     ^~
../Core/Src/main.c:219:57: note: ...this statement, but the latter is misleadingly indented as if it were guarded by the 'if'
  219 |     if (Vertical_Axis == 0) AccX_Offset -= gravity_raw; if (Vertical_Axis == 1) AccY_Offset -= gravity_raw; if (Vertical_Axis == 2) AccZ_Offset -= gravity_raw;
      |                                                         ^~
arm-none-eabi-g++ -o "testSTM.elf" @"objects.list"   -mcpu=cortex-m4 -T"C:\Users\govind\VeloCET\payload2.0\stm\testSTM\STM32F401CCUX_FLASH.ld" -Wl,-Map="testSTM.map" -Wl,--gc-sections -static --specs=nano.specs -mfpu=fpv4-sp-d16 -mfloat-abi=hard -mthumb -u _printf_float -Wl,--start-group -lc -lm -lstdc++ -lsupc++ -Wl,--end-group
Finished building target: testSTM.elf
 
arm-none-eabi-size  testSTM.elf 
arm-none-eabi-objdump -h -S testSTM.elf  > "testSTM.list"
   text	   data	    bss	    dec	    hex	filename
  38644	    472	   2320	  41436	   a1dc	testSTM.elf
Finished building: default.size.stdout
 
Finished building: testSTM.list
 
14:00:44 **** Incremental Build of configuration Debug for project testSTM ****
make -j8 all 
arm-none-eabi-gcc "../Core/Src/main.c" -mcpu=cortex-m4 -std=gnu11 -g3 -DDEBUG -DUSE_HAL_DRIVER -DSTM32F401xC -c -I"C:/Users/govind/VeloCET/payload2.0/stm/testSTM/Core/ICM20948/util" -I../Core/Inc -I"C:/Users/govind/VeloCET/payload2.0/stm/testSTM/Core/ICM20948" -I../Drivers/STM32F4xx_HAL_Driver/Inc -I../Drivers/STM32F4xx_HAL_Driver/Inc/Legacy -I../Drivers/CMSIS/Device/ST/STM32F4xx/Include -I../Drivers/CMSIS/Include -O0 -ffunction-sections -fdata-sections -Wall -fstack-usage -fcyclomatic-complexity -MMD -MP -MF"Core/Src/main.d" -MT"Core/Src/main.o" --specs=nano.specs -mfpu=fpv4-sp-d16 -mfloat-abi=hard -mthumb -o "Core/Src/main.o"
../Core/Src/main.c: In function 'MPU6050_Calibrate':
../Core/Src/main.c:216:5: warning: this 'if' clause does not guard... [-Wmisleading-indentation]
  216 |     if (Vertical_Axis == 0) AccX_Offset -= gravity_raw; if (Vertical_Axis == 1) AccY_Offset -= gravity_raw; if (Vertical_Axis == 2) AccZ_Offset -= gravity_raw;
      |     ^~
../Core/Src/main.c:216:57: note: ...this statement, but the latter is misleadingly indented as if it were guarded by the 'if'
  216 |     if (Vertical_Axis == 0) AccX_Offset -= gravity_raw; if (Vertical_Axis == 1) AccY_Offset -= gravity_raw; if (Vertical_Axis == 2) AccZ_Offset -= gravity_raw;
      |                                                         ^~
arm-none-eabi-g++ -o "testSTM.elf" @"objects.list"   -mcpu=cortex-m4 -T"C:\Users\govind\VeloCET\payload2.0\stm\testSTM\STM32F401CCUX_FLASH.ld" -Wl,-Map="testSTM.map" -Wl,--gc-sections -static --specs=nano.specs -mfpu=fpv4-sp-d16 -mfloat-abi=hard -mthumb -u _printf_float -Wl,--start-group -lc -lm -lstdc++ -lsupc++ -Wl,--end-group
Finished building target: testSTM.elf
 
arm-none-eabi-size  testSTM.elf 
arm-none-eabi-objdump -h -S testSTM.elf  > "testSTM.list"
   text	   data	    bss	    dec	    hex	filename
  38644	    472	   2320	  41436	   a1dc	testSTM.elf
Finished building: default.size.stdout
 
Finished building: testSTM.list
 
14:06:00 **** Incremental Build of configuration Debug for project testSTM ****
make -j8 all 
arm-none-eabi-gcc "../Core/Src/main.c" -mcpu=cortex-m4 -std=gnu11 -g3 -DDEBUG -DUSE_HAL_DRIVER -DSTM32F401xC -c -I"C:/Users/govind/VeloCET/payload2.0/stm/testSTM/Core/ICM20948/util" -I../Core/Inc -I"C:/Users/govind/VeloCET/payload2.0/stm/testSTM/Core/ICM20948" -I../Drivers/STM32F4xx_HAL_Driver/Inc -I../Drivers/STM32F4xx_HAL_Driver/Inc/Legacy -I../Drivers/CMSIS/Device/ST/STM32F4xx/Include -I../Drivers/CMSIS/Include -O0 -ffunction-sections -fdata-sections -Wall -fstack-usage -fcyclomatic-complexity -MMD -MP -MF"Core/Src/main.d" -MT"Core/Src/main.o" --specs=nano.specs -mfpu=fpv4-sp-d16 -mfloat-abi=hard -mthumb -o "Core/Src/main.o"
../Core/Src/main.c: In function 'main':
../Core/Src/main.c:127:12: warning: too many arguments for format [-Wformat-extra-args]
  127 |     printf("DATA> T:%lu | A:%d,%d,%d | G:%d,%d,%d | Lat:%.5f Lon:%.5f Alt:%.2f Sats:%d\n",
      |            ^~~~~~~~~~~~~~~~~~~~~~~~~~~~~~~~~~~~~~~~~~~~~~~~~~~~~~~~~~~~~~~~~~~~~~~~~~~~~~
../Core/Src/main.c: In function 'MPU6050_Calibrate':
../Core/Src/main.c:218:5: warning: this 'if' clause does not guard... [-Wmisleading-indentation]
  218 |     if (Vertical_Axis == 0) AccX_Offset -= gravity_raw; if (Vertical_Axis == 1) AccY_Offset -= gravity_raw; if (Vertical_Axis == 2) AccZ_Offset -= gravity_raw;
      |     ^~
../Core/Src/main.c:218:57: note: ...this statement, but the latter is misleadingly indented as if it were guarded by the 'if'
  218 |     if (Vertical_Axis == 0) AccX_Offset -= gravity_raw; if (Vertical_Axis == 1) AccY_Offset -= gravity_raw; if (Vertical_Axis == 2) AccZ_Offset -= gravity_raw;
      |                                                         ^~
arm-none-eabi-g++ -o "testSTM.elf" @"objects.list"   -mcpu=cortex-m4 -T"C:\Users\govind\VeloCET\payload2.0\stm\testSTM\STM32F401CCUX_FLASH.ld" -Wl,-Map="testSTM.map" -Wl,--gc-sections -static --specs=nano.specs -mfpu=fpv4-sp-d16 -mfloat-abi=hard -mthumb -u _printf_float -Wl,--start-group -lc -lm -lstdc++ -lsupc++ -Wl,--end-group
Finished building target: testSTM.elf
 
arm-none-eabi-size  testSTM.elf 
arm-none-eabi-objdump -h -S testSTM.elf  > "testSTM.list"
   text	   data	    bss	    dec	    hex	filename
  38668	    472	   2328	  41468	   a1fc	testSTM.elf
Finished building: default.size.stdout
 
Finished building: testSTM.list
 
14:06:39 **** Incremental Build of configuration Debug for project testSTM ****
make -j8 all 
arm-none-eabi-size  testSTM.elf 
   text	   data	    bss	    dec	    hex	filename
  38668	    472	   2328	  41468	   a1fc	testSTM.elf
Finished building: default.size.stdout
 
14:07:01 **** Incremental Build of configuration Debug for project testSTM ****
make -j8 all 
arm-none-eabi-gcc "../Core/Src/main.c" -mcpu=cortex-m4 -std=gnu11 -g3 -DDEBUG -DUSE_HAL_DRIVER -DSTM32F401xC -c -I"C:/Users/govind/VeloCET/payload2.0/stm/testSTM/Core/ICM20948/util" -I../Core/Inc -I"C:/Users/govind/VeloCET/payload2.0/stm/testSTM/Core/ICM20948" -I../Drivers/STM32F4xx_HAL_Driver/Inc -I../Drivers/STM32F4xx_HAL_Driver/Inc/Legacy -I../Drivers/CMSIS/Device/ST/STM32F4xx/Include -I../Drivers/CMSIS/Include -O0 -ffunction-sections -fdata-sections -Wall -fstack-usage -fcyclomatic-complexity -MMD -MP -MF"Core/Src/main.d" -MT"Core/Src/main.o" --specs=nano.specs -mfpu=fpv4-sp-d16 -mfloat-abi=hard -mthumb -o "Core/Src/main.o"
../Core/Src/main.c: In function 'main':
../Core/Src/main.c:127:101: warning: format '%d' expects argument of type 'int', but argument 13 has type 'uint32_t' {aka 'long unsigned int'} [-Wformat=]
  127 |     printf("DATA> T:%lu | A:%d,%d,%d | G:%d,%d,%d | Lat:%.5f Lon:%.5f Alt:%.2f Sats:%d baro_count: %d\n",
      |                                                                                                    ~^
      |                                                                                                     |
      |                                                                                                     int
      |                                                                                                    %ld
......
  133 |            vehicleState.Satellites, baro_irq_count);
      |                                     ~~~~~~~~~~~~~~                                                   
      |                                     |
      |                                     uint32_t {aka long unsigned int}
../Core/Src/main.c: In function 'MPU6050_Calibrate':
../Core/Src/main.c:218:5: warning: this 'if' clause does not guard... [-Wmisleading-indentation]
  218 |     if (Vertical_Axis == 0) AccX_Offset -= gravity_raw; if (Vertical_Axis == 1) AccY_Offset -= gravity_raw; if (Vertical_Axis == 2) AccZ_Offset -= gravity_raw;
      |     ^~
../Core/Src/main.c:218:57: note: ...this statement, but the latter is misleadingly indented as if it were guarded by the 'if'
  218 |     if (Vertical_Axis == 0) AccX_Offset -= gravity_raw; if (Vertical_Axis == 1) AccY_Offset -= gravity_raw; if (Vertical_Axis == 2) AccZ_Offset -= gravity_raw;
      |                                                         ^~
arm-none-eabi-g++ -o "testSTM.elf" @"objects.list"   -mcpu=cortex-m4 -T"C:\Users\govind\VeloCET\payload2.0\stm\testSTM\STM32F401CCUX_FLASH.ld" -Wl,-Map="testSTM.map" -Wl,--gc-sections -static --specs=nano.specs -mfpu=fpv4-sp-d16 -mfloat-abi=hard -mthumb -u _printf_float -Wl,--start-group -lc -lm -lstdc++ -lsupc++ -Wl,--end-group
Finished building target: testSTM.elf
 
arm-none-eabi-size  testSTM.elf 
arm-none-eabi-objdump -h -S testSTM.elf  > "testSTM.list"
   text	   data	    bss	    dec	    hex	filename
  38684	    472	   2328	  41484	   a20c	testSTM.elf
Finished building: default.size.stdout
 
Finished building: testSTM.list
 
14:14:48 **** Incremental Build of configuration Debug for project testSTM ****
make -j8 all 
arm-none-eabi-gcc "../Core/Src/main.c" -mcpu=cortex-m4 -std=gnu11 -g3 -DDEBUG -DUSE_HAL_DRIVER -DSTM32F401xC -c -I"C:/Users/govind/VeloCET/payload2.0/stm/testSTM/Core/ICM20948/util" -I../Core/Inc -I"C:/Users/govind/VeloCET/payload2.0/stm/testSTM/Core/ICM20948" -I../Drivers/STM32F4xx_HAL_Driver/Inc -I../Drivers/STM32F4xx_HAL_Driver/Inc/Legacy -I../Drivers/CMSIS/Device/ST/STM32F4xx/Include -I../Drivers/CMSIS/Include -O0 -ffunction-sections -fdata-sections -Wall -fstack-usage -fcyclomatic-complexity -MMD -MP -MF"Core/Src/main.d" -MT"Core/Src/main.o" --specs=nano.specs -mfpu=fpv4-sp-d16 -mfloat-abi=hard -mthumb -o "Core/Src/main.o"
../Core/Src/main.c: In function 'main':
../Core/Src/main.c:127:101: warning: format '%d' expects argument of type 'int', but argument 13 has type 'uint32_t' {aka 'long unsigned int'} [-Wformat=]
  127 |     printf("DATA> T:%lu | A:%d,%d,%d | G:%d,%d,%d | Lat:%.5f Lon:%.5f Alt:%.2f Sats:%d baro_count: %d\n",
      |                                                                                                    ~^
      |                                                                                                     |
      |                                                                                                     int
      |                                                                                                    %ld
......
  133 |            vehicleState.Satellites, baro_irq_count);
      |                                     ~~~~~~~~~~~~~~                                                   
      |                                     |
      |                                     uint32_t {aka long unsigned int}
../Core/Src/main.c: In function 'MPU6050_Calibrate':
../Core/Src/main.c:218:5: warning: this 'if' clause does not guard... [-Wmisleading-indentation]
  218 |     if (Vertical_Axis == 0) AccX_Offset -= gravity_raw; if (Vertical_Axis == 1) AccY_Offset -= gravity_raw; if (Vertical_Axis == 2) AccZ_Offset -= gravity_raw;
      |     ^~
../Core/Src/main.c:218:57: note: ...this statement, but the latter is misleadingly indented as if it were guarded by the 'if'
  218 |     if (Vertical_Axis == 0) AccX_Offset -= gravity_raw; if (Vertical_Axis == 1) AccY_Offset -= gravity_raw; if (Vertical_Axis == 2) AccZ_Offset -= gravity_raw;
      |                                                         ^~
arm-none-eabi-g++ -o "testSTM.elf" @"objects.list"   -mcpu=cortex-m4 -T"C:\Users\govind\VeloCET\payload2.0\stm\testSTM\STM32F401CCUX_FLASH.ld" -Wl,-Map="testSTM.map" -Wl,--gc-sections -static --specs=nano.specs -mfpu=fpv4-sp-d16 -mfloat-abi=hard -mthumb -u _printf_float -Wl,--start-group -lc -lm -lstdc++ -lsupc++ -Wl,--end-group
Finished building target: testSTM.elf
 
arm-none-eabi-size  testSTM.elf 
arm-none-eabi-objdump -h -S testSTM.elf  > "testSTM.list"
   text	   data	    bss	    dec	    hex	filename
  38724	    472	   2328	  41524	   a234	testSTM.elf
Finished building: default.size.stdout
 
Finished building: testSTM.list
 
14:17:31 **** Incremental Build of configuration Debug for project testSTM ****
make -j8 all 
arm-none-eabi-gcc "../Core/Src/main.c" -mcpu=cortex-m4 -std=gnu11 -g3 -DDEBUG -DUSE_HAL_DRIVER -DSTM32F401xC -c -I"C:/Users/govind/VeloCET/payload2.0/stm/testSTM/Core/ICM20948/util" -I../Core/Inc -I"C:/Users/govind/VeloCET/payload2.0/stm/testSTM/Core/ICM20948" -I../Drivers/STM32F4xx_HAL_Driver/Inc -I../Drivers/STM32F4xx_HAL_Driver/Inc/Legacy -I../Drivers/CMSIS/Device/ST/STM32F4xx/Include -I../Drivers/CMSIS/Include -O0 -ffunction-sections -fdata-sections -Wall -fstack-usage -fcyclomatic-complexity -MMD -MP -MF"Core/Src/main.d" -MT"Core/Src/main.o" --specs=nano.specs -mfpu=fpv4-sp-d16 -mfloat-abi=hard -mthumb -o "Core/Src/main.o"
../Core/Src/main.c: In function 'main':
../Core/Src/main.c:127:101: warning: format '%d' expects argument of type 'int', but argument 13 has type 'uint32_t' {aka 'long unsigned int'} [-Wformat=]
  127 |     printf("DATA> T:%lu | A:%d,%d,%d | G:%d,%d,%d | Lat:%.5f Lon:%.5f Alt:%.2f Sats:%d baro_count: %d\n",
      |                                                                                                    ~^
      |                                                                                                     |
      |                                                                                                     int
      |                                                                                                    %ld
......
  133 |            vehicleState.Satellites, baro_irq_count);
      |                                     ~~~~~~~~~~~~~~                                                   
      |                                     |
      |                                     uint32_t {aka long unsigned int}
../Core/Src/main.c: In function 'MPU6050_Calibrate':
../Core/Src/main.c:218:5: warning: this 'if' clause does not guard... [-Wmisleading-indentation]
  218 |     if (Vertical_Axis == 0) AccX_Offset -= gravity_raw; if (Vertical_Axis == 1) AccY_Offset -= gravity_raw; if (Vertical_Axis == 2) AccZ_Offset -= gravity_raw;
      |     ^~
../Core/Src/main.c:218:57: note: ...this statement, but the latter is misleadingly indented as if it were guarded by the 'if'
  218 |     if (Vertical_Axis == 0) AccX_Offset -= gravity_raw; if (Vertical_Axis == 1) AccY_Offset -= gravity_raw; if (Vertical_Axis == 2) AccZ_Offset -= gravity_raw;
      |                                                         ^~
arm-none-eabi-g++ -o "testSTM.elf" @"objects.list"   -mcpu=cortex-m4 -T"C:\Users\govind\VeloCET\payload2.0\stm\testSTM\STM32F401CCUX_FLASH.ld" -Wl,-Map="testSTM.map" -Wl,--gc-sections -static --specs=nano.specs -mfpu=fpv4-sp-d16 -mfloat-abi=hard -mthumb -u _printf_float -Wl,--start-group -lc -lm -lstdc++ -lsupc++ -Wl,--end-group
Finished building target: testSTM.elf
 
arm-none-eabi-size  testSTM.elf 
arm-none-eabi-objdump -h -S testSTM.elf  > "testSTM.list"
   text	   data	    bss	    dec	    hex	filename
  38740	    472	   2328	  41540	   a244	testSTM.elf
Finished building: default.size.stdout
 
Finished building: testSTM.list
 
14:18:01 **** Incremental Build of configuration Debug for project testSTM ****
make -j8 all 
arm-none-eabi-gcc "../Core/Src/main.c" -mcpu=cortex-m4 -std=gnu11 -g3 -DDEBUG -DUSE_HAL_DRIVER -DSTM32F401xC -c -I"C:/Users/govind/VeloCET/payload2.0/stm/testSTM/Core/ICM20948/util" -I../Core/Inc -I"C:/Users/govind/VeloCET/payload2.0/stm/testSTM/Core/ICM20948" -I../Drivers/STM32F4xx_HAL_Driver/Inc -I../Drivers/STM32F4xx_HAL_Driver/Inc/Legacy -I../Drivers/CMSIS/Device/ST/STM32F4xx/Include -I../Drivers/CMSIS/Include -O0 -ffunction-sections -fdata-sections -Wall -fstack-usage -fcyclomatic-complexity -MMD -MP -MF"Core/Src/main.d" -MT"Core/Src/main.o" --specs=nano.specs -mfpu=fpv4-sp-d16 -mfloat-abi=hard -mthumb -o "Core/Src/main.o"
../Core/Src/main.c: In function 'main':
../Core/Src/main.c:128:101: warning: format '%d' expects argument of type 'int', but argument 13 has type 'uint32_t' {aka 'long unsigned int'} [-Wformat=]
  128 |     printf("DATA> T:%lu | A:%d,%d,%d | G:%d,%d,%d | Lat:%.5f Lon:%.5f Alt:%.2f Sats:%d baro_count: %d\n",
      |                                                                                                    ~^
      |                                                                                                     |
      |                                                                                                     int
      |                                                                                                    %ld
......
  134 |            vehicleState.Satellites, baro_irq_count);
      |                                     ~~~~~~~~~~~~~~                                                   
      |                                     |
      |                                     uint32_t {aka long unsigned int}
../Core/Src/main.c: In function 'MPU6050_Calibrate':
../Core/Src/main.c:219:5: warning: this 'if' clause does not guard... [-Wmisleading-indentation]
  219 |     if (Vertical_Axis == 0) AccX_Offset -= gravity_raw; if (Vertical_Axis == 1) AccY_Offset -= gravity_raw; if (Vertical_Axis == 2) AccZ_Offset -= gravity_raw;
      |     ^~
../Core/Src/main.c:219:57: note: ...this statement, but the latter is misleadingly indented as if it were guarded by the 'if'
  219 |     if (Vertical_Axis == 0) AccX_Offset -= gravity_raw; if (Vertical_Axis == 1) AccY_Offset -= gravity_raw; if (Vertical_Axis == 2) AccZ_Offset -= gravity_raw;
      |                                                         ^~
arm-none-eabi-g++ -o "testSTM.elf" @"objects.list"   -mcpu=cortex-m4 -T"C:\Users\govind\VeloCET\payload2.0\stm\testSTM\STM32F401CCUX_FLASH.ld" -Wl,-Map="testSTM.map" -Wl,--gc-sections -static --specs=nano.specs -mfpu=fpv4-sp-d16 -mfloat-abi=hard -mthumb -u _printf_float -Wl,--start-group -lc -lm -lstdc++ -lsupc++ -Wl,--end-group
Finished building target: testSTM.elf
 
arm-none-eabi-size  testSTM.elf 
arm-none-eabi-objdump -h -S testSTM.elf  > "testSTM.list"
   text	   data	    bss	    dec	    hex	filename
  38740	    472	   2328	  41540	   a244	testSTM.elf
Finished building: default.size.stdout
 
Finished building: testSTM.list
 
14:19:45 **** Incremental Build of configuration Debug for project testSTM ****
make -j8 all 
arm-none-eabi-gcc "../Core/Src/main.c" -mcpu=cortex-m4 -std=gnu11 -g3 -DDEBUG -DUSE_HAL_DRIVER -DSTM32F401xC -c -I"C:/Users/govind/VeloCET/payload2.0/stm/testSTM/Core/ICM20948/util" -I../Core/Inc -I"C:/Users/govind/VeloCET/payload2.0/stm/testSTM/Core/ICM20948" -I../Drivers/STM32F4xx_HAL_Driver/Inc -I../Drivers/STM32F4xx_HAL_Driver/Inc/Legacy -I../Drivers/CMSIS/Device/ST/STM32F4xx/Include -I../Drivers/CMSIS/Include -O0 -ffunction-sections -fdata-sections -Wall -fstack-usage -fcyclomatic-complexity -MMD -MP -MF"Core/Src/main.d" -MT"Core/Src/main.o" --specs=nano.specs -mfpu=fpv4-sp-d16 -mfloat-abi=hard -mthumb -o "Core/Src/main.o"
../Core/Src/main.c: In function 'HAL_UART_ErrorCallback':
../Core/Src/main.c:164:27: warning: unused variable 'er' [-Wunused-variable]
  164 |         volatile uint32_t er = HAL_UART_GetError(huart); // Clear flag
      |                           ^~
../Core/Src/main.c:168:27: warning: unused variable 'er' [-Wunused-variable]
  168 |         volatile uint32_t er = HAL_UART_GetError(huart);
      |                           ^~
../Core/Src/main.c: In function 'Parse_GGA_Generic':
../Core/Src/main.c:211:9: warning: this 'if' clause does not guard... [-Wmisleading-indentation]
  211 |         if (next_comma == NULL) break; current_pos = next_comma + 1; field_index++;
      |         ^~
../Core/Src/main.c:211:40: note: ...this statement, but the latter is misleadingly indented as if it were guarded by the 'if'
  211 |         if (next_comma == NULL) break; current_pos = next_comma + 1; field_index++;
      |                                        ^~~~~~~~~~~
../Core/Src/main.c: In function 'MPU6050_Calibrate':
../Core/Src/main.c:242:5: warning: this 'if' clause does not guard... [-Wmisleading-indentation]
  242 |     if(Vertical_Axis==0)AccX_Offset-=gRaw; if(Vertical_Axis==1)AccY_Offset-=gRaw; if(Vertical_Axis==2)AccZ_Offset-=gRaw;
      |     ^~
../Core/Src/main.c:242:44: note: ...this statement, but the latter is misleadingly indented as if it were guarded by the 'if'
  242 |     if(Vertical_Axis==0)AccX_Offset-=gRaw; if(Vertical_Axis==1)AccY_Offset-=gRaw; if(Vertical_Axis==2)AccZ_Offset-=gRaw;
      |                                            ^~
arm-none-eabi-g++ -o "testSTM.elf" @"objects.list"   -mcpu=cortex-m4 -T"C:\Users\govind\VeloCET\payload2.0\stm\testSTM\STM32F401CCUX_FLASH.ld" -Wl,-Map="testSTM.map" -Wl,--gc-sections -static --specs=nano.specs -mfpu=fpv4-sp-d16 -mfloat-abi=hard -mthumb -u _printf_float -Wl,--start-group -lc -lm -lstdc++ -lsupc++ -Wl,--end-group
Finished building target: testSTM.elf
 
arm-none-eabi-size  testSTM.elf 
arm-none-eabi-objdump -h -S testSTM.elf  > "testSTM.list"
   text	   data	    bss	    dec	    hex	filename
  38796	    472	   2320	  41588	   a274	testSTM.elf
Finished building: default.size.stdout
 
Finished building: testSTM.list
 
21:33:20 **** Incremental Build of configuration Debug for project testSTM ****
make -j8 all 
arm-none-eabi-gcc "../Core/Src/main.c" -mcpu=cortex-m4 -std=gnu11 -g3 -DDEBUG -DUSE_HAL_DRIVER -DSTM32F401xC -c -I"C:/Users/govind/VeloCET/payload2.0/stm/testSTM/Core/ICM20948/util" -I../Core/Inc -I"C:/Users/govind/VeloCET/payload2.0/stm/testSTM/Core/ICM20948" -I../Drivers/STM32F4xx_HAL_Driver/Inc -I../Drivers/STM32F4xx_HAL_Driver/Inc/Legacy -I../Drivers/CMSIS/Device/ST/STM32F4xx/Include -I../Drivers/CMSIS/Include -O0 -ffunction-sections -fdata-sections -Wall -fstack-usage -fcyclomatic-complexity -MMD -MP -MF"Core/Src/main.d" -MT"Core/Src/main.o" --specs=nano.specs -mfpu=fpv4-sp-d16 -mfloat-abi=hard -mthumb -o "Core/Src/main.o"
../Core/Src/main.c:17: warning: "M_PI" redefined
   17 | #define M_PI                             3.14159265359
      | 
In file included from ../Core/Src/main.c:6:
C:\ST\STM32CubeIDE_1.19.0\STM32CubeIDE\plugins\com.st.stm32cube.ide.mcu.externaltools.gnu-tools-for-stm32.13.3.rel1.win32_1.0.0.202411081344\tools\bin/../lib/gcc/arm-none-eabi/13.3.1/../../../../arm-none-eabi/include/math.h:614: note: this is the location of the previous definition
  614 | #define M_PI            3.14159265358979323846
      | 
../Core/Src/main.c: In function 'main':
../Core/Src/main.c:142:29: error: called object is not a function or function pointer
  142 |                   f_gx=(f_gx/16.4)(M_PI/180);
      |                        ~~~~~^~~~~~
../Core/Src/main.c: In function 'HAL_UART_ErrorCallback':
../Core/Src/main.c:201:27: warning: unused variable 'er' [-Wunused-variable]
  201 |         volatile uint32_t er = HAL_UART_GetError(huart); // Clear flag
      |                           ^~
../Core/Src/main.c:205:27: warning: unused variable 'er' [-Wunused-variable]
  205 |         volatile uint32_t er = HAL_UART_GetError(huart);
      |                           ^~
../Core/Src/main.c: In function 'Parse_GGA_Generic':
../Core/Src/main.c:248:9: warning: this 'if' clause does not guard... [-Wmisleading-indentation]
  248 |         if (next_comma == NULL) break; current_pos = next_comma + 1; field_index++;
      |         ^~
../Core/Src/main.c:248:40: note: ...this statement, but the latter is misleadingly indented as if it were guarded by the 'if'
  248 |         if (next_comma == NULL) break; current_pos = next_comma + 1; field_index++;
      |                                        ^~~~~~~~~~~
../Core/Src/main.c: In function 'MPU6050_Calibrate':
../Core/Src/main.c:279:5: warning: this 'if' clause does not guard... [-Wmisleading-indentation]
  279 |     if(Vertical_Axis==0)AccX_Offset-=gRaw; if(Vertical_Axis==1)AccY_Offset-=gRaw; if(Vertical_Axis==2)AccZ_Offset-=gRaw;
      |     ^~
../Core/Src/main.c:279:44: note: ...this statement, but the latter is misleadingly indented as if it were guarded by the 'if'
  279 |     if(Vertical_Axis==0)AccX_Offset-=gRaw; if(Vertical_Axis==1)AccY_Offset-=gRaw; if(Vertical_Axis==2)AccZ_Offset-=gRaw;
      |                                            ^~
make: *** [Core/Src/subdir.mk:34: Core/Src/main.o] Error 1
"make -j8 all" terminated with exit code 2. Build might be incomplete.
21:34:55 **** Incremental Build of configuration Debug for project testSTM ****
make -j8 all 
arm-none-eabi-gcc "../Core/Src/main.c" -mcpu=cortex-m4 -std=gnu11 -g3 -DDEBUG -DUSE_HAL_DRIVER -DSTM32F401xC -c -I"C:/Users/govind/VeloCET/payload2.0/stm/testSTM/Core/ICM20948/util" -I../Core/Inc -I"C:/Users/govind/VeloCET/payload2.0/stm/testSTM/Core/ICM20948" -I../Drivers/STM32F4xx_HAL_Driver/Inc -I../Drivers/STM32F4xx_HAL_Driver/Inc/Legacy -I../Drivers/CMSIS/Device/ST/STM32F4xx/Include -I../Drivers/CMSIS/Include -O0 -ffunction-sections -fdata-sections -Wall -fstack-usage -fcyclomatic-complexity -MMD -MP -MF"Core/Src/main.d" -MT"Core/Src/main.o" --specs=nano.specs -mfpu=fpv4-sp-d16 -mfloat-abi=hard -mthumb -o "Core/Src/main.o"
../Core/Src/main.c:17: warning: "M_PI" redefined
   17 | #define M_PI                             3.14159265359
      | 
In file included from ../Core/Src/main.c:6:
C:\ST\STM32CubeIDE_1.19.0\STM32CubeIDE\plugins\com.st.stm32cube.ide.mcu.externaltools.gnu-tools-for-stm32.13.3.rel1.win32_1.0.0.202411081344\tools\bin/../lib/gcc/arm-none-eabi/13.3.1/../../../../arm-none-eabi/include/math.h:614: note: this is the location of the previous definition
  614 | #define M_PI            3.14159265358979323846
      | 
../Core/Src/main.c: In function 'HAL_UART_ErrorCallback':
../Core/Src/main.c:201:27: warning: unused variable 'er' [-Wunused-variable]
  201 |         volatile uint32_t er = HAL_UART_GetError(huart); // Clear flag
      |                           ^~
../Core/Src/main.c:205:27: warning: unused variable 'er' [-Wunused-variable]
  205 |         volatile uint32_t er = HAL_UART_GetError(huart);
      |                           ^~
../Core/Src/main.c: In function 'Parse_GGA_Generic':
../Core/Src/main.c:248:9: warning: this 'if' clause does not guard... [-Wmisleading-indentation]
  248 |         if (next_comma == NULL) break; current_pos = next_comma + 1; field_index++;
      |         ^~
../Core/Src/main.c:248:40: note: ...this statement, but the latter is misleadingly indented as if it were guarded by the 'if'
  248 |         if (next_comma == NULL) break; current_pos = next_comma + 1; field_index++;
      |                                        ^~~~~~~~~~~
../Core/Src/main.c: In function 'MPU6050_Calibrate':
../Core/Src/main.c:279:5: warning: this 'if' clause does not guard... [-Wmisleading-indentation]
  279 |     if(Vertical_Axis==0)AccX_Offset-=gRaw; if(Vertical_Axis==1)AccY_Offset-=gRaw; if(Vertical_Axis==2)AccZ_Offset-=gRaw;
      |     ^~
../Core/Src/main.c:279:44: note: ...this statement, but the latter is misleadingly indented as if it were guarded by the 'if'
  279 |     if(Vertical_Axis==0)AccX_Offset-=gRaw; if(Vertical_Axis==1)AccY_Offset-=gRaw; if(Vertical_Axis==2)AccZ_Offset-=gRaw;
      |                                            ^~
arm-none-eabi-g++ -o "testSTM.elf" @"objects.list"   -mcpu=cortex-m4 -T"C:\Users\govind\VeloCET\payload2.0\stm\testSTM\STM32F401CCUX_FLASH.ld" -Wl,-Map="testSTM.map" -Wl,--gc-sections -static --specs=nano.specs -mfpu=fpv4-sp-d16 -mfloat-abi=hard -mthumb -u _printf_float -Wl,--start-group -lc -lm -lstdc++ -lsupc++ -Wl,--end-group
C:/ST/STM32CubeIDE_1.19.0/STM32CubeIDE/plugins/com.st.stm32cube.ide.mcu.externaltools.gnu-tools-for-stm32.13.3.rel1.win32_1.0.0.202411081344/tools/bin/../lib/gcc/arm-none-eabi/13.3.1/../../../../arm-none-eabi/bin/ld.exe: ./Core/Src/main.o: in function `main':
C:/Users/govind/VeloCET/payload2.0/stm/testSTM/Debug/../Core/Src/main.c:146:(.text.main+0x20c): undefined reference to `madgwickUpdate'
collect2.exe: error: ld returned 1 exit status
make: *** [makefile:89: testSTM.elf] Error 1
"make -j8 all" terminated with exit code 2. Build might be incomplete.
21:38:21 **** Incremental Build of configuration Debug for project testSTM ****
make -j8 all 
arm-none-eabi-gcc "../Core/Src/main.c" -mcpu=cortex-m4 -std=gnu11 -g3 -DDEBUG -DUSE_HAL_DRIVER -DSTM32F401xC -c -I"C:/Users/govind/VeloCET/payload2.0/stm/testSTM/Core/ICM20948/util" -I../Core/Inc -I"C:/Users/govind/VeloCET/payload2.0/stm/testSTM/Core/ICM20948" -I../Drivers/STM32F4xx_HAL_Driver/Inc -I../Drivers/STM32F4xx_HAL_Driver/Inc/Legacy -I../Drivers/CMSIS/Device/ST/STM32F4xx/Include -I../Drivers/CMSIS/Include -O0 -ffunction-sections -fdata-sections -Wall -fstack-usage -fcyclomatic-complexity -MMD -MP -MF"Core/Src/main.d" -MT"Core/Src/main.o" --specs=nano.specs -mfpu=fpv4-sp-d16 -mfloat-abi=hard -mthumb -o "Core/Src/main.o"
../Core/Src/main.c:42:1: warning: data definition has no type or storage class
   42 | ma_pi = (float)M_PI;
      | ^~~~~
../Core/Src/main.c:42:1: warning: type defaults to 'int' in declaration of 'ma_pi' [-Wimplicit-int]
../Core/Src/main.c: In function 'HAL_UART_ErrorCallback':
../Core/Src/main.c:206:27: warning: unused variable 'er' [-Wunused-variable]
  206 |         volatile uint32_t er = HAL_UART_GetError(huart); // Clear flag
      |                           ^~
../Core/Src/main.c:210:27: warning: unused variable 'er' [-Wunused-variable]
  210 |         volatile uint32_t er = HAL_UART_GetError(huart);
      |                           ^~
../Core/Src/main.c: In function 'Parse_GGA_Generic':
../Core/Src/main.c:253:9: warning: this 'if' clause does not guard... [-Wmisleading-indentation]
  253 |         if (next_comma == NULL) break; current_pos = next_comma + 1; field_index++;
      |         ^~
../Core/Src/main.c:253:40: note: ...this statement, but the latter is misleadingly indented as if it were guarded by the 'if'
  253 |         if (next_comma == NULL) break; current_pos = next_comma + 1; field_index++;
      |                                        ^~~~~~~~~~~
../Core/Src/main.c: In function 'MPU6050_Calibrate':
../Core/Src/main.c:284:5: warning: this 'if' clause does not guard... [-Wmisleading-indentation]
  284 |     if(Vertical_Axis==0)AccX_Offset-=gRaw; if(Vertical_Axis==1)AccY_Offset-=gRaw; if(Vertical_Axis==2)AccZ_Offset-=gRaw;
      |     ^~
../Core/Src/main.c:284:44: note: ...this statement, but the latter is misleadingly indented as if it were guarded by the 'if'
  284 |     if(Vertical_Axis==0)AccX_Offset-=gRaw; if(Vertical_Axis==1)AccY_Offset-=gRaw; if(Vertical_Axis==2)AccZ_Offset-=gRaw;
      |                                            ^~
arm-none-eabi-g++ -o "testSTM.elf" @"objects.list"   -mcpu=cortex-m4 -T"C:\Users\govind\VeloCET\payload2.0\stm\testSTM\STM32F401CCUX_FLASH.ld" -Wl,-Map="testSTM.map" -Wl,--gc-sections -static --specs=nano.specs -mfpu=fpv4-sp-d16 -mfloat-abi=hard -mthumb -u _printf_float -Wl,--start-group -lc -lm -lstdc++ -lsupc++ -Wl,--end-group
Finished building target: testSTM.elf
 
arm-none-eabi-size  testSTM.elf 
arm-none-eabi-objdump -h -S testSTM.elf  > "testSTM.list"
   text	   data	    bss	    dec	    hex	filename
  39188	    476	   2324	  41988	   a404	testSTM.elf
Finished building: default.size.stdout
 
Finished building: testSTM.list
 
21:39:17 **** Incremental Build of configuration Debug for project testSTM ****
make -j8 all 
arm-none-eabi-gcc "../Core/Src/main.c" -mcpu=cortex-m4 -std=gnu11 -g3 -DDEBUG -DUSE_HAL_DRIVER -DSTM32F401xC -c -I"C:/Users/govind/VeloCET/payload2.0/stm/testSTM/Core/ICM20948/util" -I../Core/Inc -I"C:/Users/govind/VeloCET/payload2.0/stm/testSTM/Core/ICM20948" -I../Drivers/STM32F4xx_HAL_Driver/Inc -I../Drivers/STM32F4xx_HAL_Driver/Inc/Legacy -I../Drivers/CMSIS/Device/ST/STM32F4xx/Include -I../Drivers/CMSIS/Include -O0 -ffunction-sections -fdata-sections -Wall -fstack-usage -fcyclomatic-complexity -MMD -MP -MF"Core/Src/main.d" -MT"Core/Src/main.o" --specs=nano.specs -mfpu=fpv4-sp-d16 -mfloat-abi=hard -mthumb -o "Core/Src/main.o"
../Core/Src/main.c:42:1: warning: data definition has no type or storage class
   42 | ma_pi = (float)M_PI;
      | ^~~~~
../Core/Src/main.c:42:1: warning: type defaults to 'int' in declaration of 'ma_pi' [-Wimplicit-int]
../Core/Src/main.c: In function 'HAL_UART_ErrorCallback':
../Core/Src/main.c:206:27: warning: unused variable 'er' [-Wunused-variable]
  206 |         volatile uint32_t er = HAL_UART_GetError(huart); // Clear flag
      |                           ^~
../Core/Src/main.c:210:27: warning: unused variable 'er' [-Wunused-variable]
  210 |         volatile uint32_t er = HAL_UART_GetError(huart);
      |                           ^~
../Core/Src/main.c: In function 'Parse_GGA_Generic':
../Core/Src/main.c:253:9: warning: this 'if' clause does not guard... [-Wmisleading-indentation]
  253 |         if (next_comma == NULL) break; current_pos = next_comma + 1; field_index++;
      |         ^~
../Core/Src/main.c:253:40: note: ...this statement, but the latter is misleadingly indented as if it were guarded by the 'if'
  253 |         if (next_comma == NULL) break; current_pos = next_comma + 1; field_index++;
      |                                        ^~~~~~~~~~~
../Core/Src/main.c: In function 'MPU6050_Calibrate':
../Core/Src/main.c:284:5: warning: this 'if' clause does not guard... [-Wmisleading-indentation]
  284 |     if(Vertical_Axis==0)AccX_Offset-=gRaw; if(Vertical_Axis==1)AccY_Offset-=gRaw; if(Vertical_Axis==2)AccZ_Offset-=gRaw;
      |     ^~
../Core/Src/main.c:284:44: note: ...this statement, but the latter is misleadingly indented as if it were guarded by the 'if'
  284 |     if(Vertical_Axis==0)AccX_Offset-=gRaw; if(Vertical_Axis==1)AccY_Offset-=gRaw; if(Vertical_Axis==2)AccZ_Offset-=gRaw;
      |                                            ^~
arm-none-eabi-g++ -o "testSTM.elf" @"objects.list"   -mcpu=cortex-m4 -T"C:\Users\govind\VeloCET\payload2.0\stm\testSTM\STM32F401CCUX_FLASH.ld" -Wl,-Map="testSTM.map" -Wl,--gc-sections -static --specs=nano.specs -mfpu=fpv4-sp-d16 -mfloat-abi=hard -mthumb -u _printf_float -Wl,--start-group -lc -lm -lstdc++ -lsupc++ -Wl,--end-group
Finished building target: testSTM.elf
 
arm-none-eabi-size  testSTM.elf 
arm-none-eabi-objdump -h -S testSTM.elf  > "testSTM.list"
   text	   data	    bss	    dec	    hex	filename
  39188	    476	   2324	  41988	   a404	testSTM.elf
Finished building: default.size.stdout
 
Finished building: testSTM.list
 
22:12:40 **** Incremental Build of configuration Debug for project testSTM ****
make -j8 all 
arm-none-eabi-gcc "../Core/Src/main.c" -mcpu=cortex-m4 -std=gnu11 -g3 -DDEBUG -DUSE_HAL_DRIVER -DSTM32F401xC -c -I"C:/Users/govind/VeloCET/payload2.0/stm/testSTM/Core/ICM20948/util" -I../Core/Inc -I"C:/Users/govind/VeloCET/payload2.0/stm/testSTM/Core/ICM20948" -I../Drivers/STM32F4xx_HAL_Driver/Inc -I../Drivers/STM32F4xx_HAL_Driver/Inc/Legacy -I../Drivers/CMSIS/Device/ST/STM32F4xx/Include -I../Drivers/CMSIS/Include -O0 -ffunction-sections -fdata-sections -Wall -fstack-usage -fcyclomatic-complexity -MMD -MP -MF"Core/Src/main.d" -MT"Core/Src/main.o" --specs=nano.specs -mfpu=fpv4-sp-d16 -mfloat-abi=hard -mthumb -o "Core/Src/main.o"
../Core/Src/main.c: In function 'HAL_UART_ErrorCallback':
../Core/Src/main.c:271:27: warning: unused variable 'er' [-Wunused-variable]
  271 |         volatile uint32_t er = HAL_UART_GetError(huart); // Clear flag
      |                           ^~
../Core/Src/main.c:275:27: warning: unused variable 'er' [-Wunused-variable]
  275 |         volatile uint32_t er = HAL_UART_GetError(huart);
      |                           ^~
../Core/Src/main.c: In function 'Parse_GGA_Generic':
../Core/Src/main.c:318:9: warning: this 'if' clause does not guard... [-Wmisleading-indentation]
  318 |         if (next_comma == NULL) break; current_pos = next_comma + 1; field_index++;
      |         ^~
../Core/Src/main.c:318:40: note: ...this statement, but the latter is misleadingly indented as if it were guarded by the 'if'
  318 |         if (next_comma == NULL) break; current_pos = next_comma + 1; field_index++;
      |                                        ^~~~~~~~~~~
../Core/Src/main.c: In function 'MPU6050_Calibrate':
../Core/Src/main.c:349:5: warning: this 'if' clause does not guard... [-Wmisleading-indentation]
  349 |     if(Vertical_Axis==0)AccX_Offset-=gRaw; if(Vertical_Axis==1)AccY_Offset-=gRaw; if(Vertical_Axis==2)AccZ_Offset-=gRaw;
      |     ^~
../Core/Src/main.c:349:44: note: ...this statement, but the latter is misleadingly indented as if it were guarded by the 'if'
  349 |     if(Vertical_Axis==0)AccX_Offset-=gRaw; if(Vertical_Axis==1)AccY_Offset-=gRaw; if(Vertical_Axis==2)AccZ_Offset-=gRaw;
      |                                            ^~
arm-none-eabi-g++ -o "testSTM.elf" @"objects.list"   -mcpu=cortex-m4 -T"C:\Users\govind\VeloCET\payload2.0\stm\testSTM\STM32F401CCUX_FLASH.ld" -Wl,-Map="testSTM.map" -Wl,--gc-sections -static --specs=nano.specs -mfpu=fpv4-sp-d16 -mfloat-abi=hard -mthumb -u _printf_float -Wl,--start-group -lc -lm -lstdc++ -lsupc++ -Wl,--end-group
Finished building target: testSTM.elf
 
arm-none-eabi-size  testSTM.elf 
arm-none-eabi-objdump -h -S testSTM.elf  > "testSTM.list"
   text	   data	    bss	    dec	    hex	filename
  40604	    472	   2320	  43396	   a984	testSTM.elf
Finished building: default.size.stdout
 
Finished building: testSTM.list
 
22:16:41 **** Incremental Build of configuration Debug for project testSTM ****
make -j8 all 
arm-none-eabi-gcc "../Core/Src/main.c" -mcpu=cortex-m4 -std=gnu11 -g3 -DDEBUG -DUSE_HAL_DRIVER -DSTM32F401xC -c -I"C:/Users/govind/VeloCET/payload2.0/stm/testSTM/Core/ICM20948/util" -I../Core/Inc -I"C:/Users/govind/VeloCET/payload2.0/stm/testSTM/Core/ICM20948" -I../Drivers/STM32F4xx_HAL_Driver/Inc -I../Drivers/STM32F4xx_HAL_Driver/Inc/Legacy -I../Drivers/CMSIS/Device/ST/STM32F4xx/Include -I../Drivers/CMSIS/Include -O0 -ffunction-sections -fdata-sections -Wall -fstack-usage -fcyclomatic-complexity -MMD -MP -MF"Core/Src/main.d" -MT"Core/Src/main.o" --specs=nano.specs -mfpu=fpv4-sp-d16 -mfloat-abi=hard -mthumb -o "Core/Src/main.o"
../Core/Src/main.c: In function 'HAL_UART_ErrorCallback':
../Core/Src/main.c:290:35: warning: unused variable 'er' [-Wunused-variable]
  290 |                 volatile uint32_t er = HAL_UART_GetError(huart); // Clear flag
      |                                   ^~
../Core/Src/main.c:293:35: warning: unused variable 'er' [-Wunused-variable]
  293 |                 volatile uint32_t er = HAL_UART_GetError(huart);
      |                                   ^~
arm-none-eabi-g++ -o "testSTM.elf" @"objects.list"   -mcpu=cortex-m4 -T"C:\Users\govind\VeloCET\payload2.0\stm\testSTM\STM32F401CCUX_FLASH.ld" -Wl,-Map="testSTM.map" -Wl,--gc-sections -static --specs=nano.specs -mfpu=fpv4-sp-d16 -mfloat-abi=hard -mthumb -u _printf_float -Wl,--start-group -lc -lm -lstdc++ -lsupc++ -Wl,--end-group
Finished building target: testSTM.elf
 
arm-none-eabi-size  testSTM.elf 
arm-none-eabi-objdump -h -S testSTM.elf  > "testSTM.list"
   text	   data	    bss	    dec	    hex	filename
  40660	    472	   2320	  43452	   a9bc	testSTM.elf
Finished building: default.size.stdout
 
Finished building: testSTM.list
 
11:46:18 **** Incremental Build of configuration Debug for project testSTM ****
make -j8 all 
arm-none-eabi-gcc "../Core/Src/main.c" -mcpu=cortex-m4 -std=gnu11 -g3 -DDEBUG -DUSE_HAL_DRIVER -DSTM32F401xC -c -I"C:/Users/govind/VeloCET/payload2.0/stm/testSTM/Core/ICM20948/util" -I../Core/Inc -I"C:/Users/govind/VeloCET/payload2.0/stm/testSTM/Core/ICM20948" -I../Drivers/STM32F4xx_HAL_Driver/Inc -I../Drivers/STM32F4xx_HAL_Driver/Inc/Legacy -I../Drivers/CMSIS/Device/ST/STM32F4xx/Include -I../Drivers/CMSIS/Include -O0 -ffunction-sections -fdata-sections -Wall -fstack-usage -fcyclomatic-complexity -MMD -MP -MF"Core/Src/main.d" -MT"Core/Src/main.o" --specs=nano.specs -mfpu=fpv4-sp-d16 -mfloat-abi=hard -mthumb -o "Core/Src/main.o"
../Core/Src/main.c: In function 'HAL_UART_ErrorCallback':
../Core/Src/main.c:296:35: warning: unused variable 'er' [-Wunused-variable]
  296 |                 volatile uint32_t er = HAL_UART_GetError(huart); // Clear flag
      |                                   ^~
../Core/Src/main.c:299:35: warning: unused variable 'er' [-Wunused-variable]
  299 |                 volatile uint32_t er = HAL_UART_GetError(huart);
      |                                   ^~
arm-none-eabi-g++ -o "testSTM.elf" @"objects.list"   -mcpu=cortex-m4 -T"C:\Users\govind\VeloCET\payload2.0\stm\testSTM\STM32F401CCUX_FLASH.ld" -Wl,-Map="testSTM.map" -Wl,--gc-sections -static --specs=nano.specs -mfpu=fpv4-sp-d16 -mfloat-abi=hard -mthumb -u _printf_float -Wl,--start-group -lc -lm -lstdc++ -lsupc++ -Wl,--end-group
Finished building target: testSTM.elf
 
arm-none-eabi-size  testSTM.elf 
arm-none-eabi-objdump -h -S testSTM.elf  > "testSTM.list"
   text	   data	    bss	    dec	    hex	filename
  40860	    472	   2320	  43652	   aa84	testSTM.elf
Finished building: default.size.stdout
 
Finished building: testSTM.list
 
12:03:52 **** Incremental Build of configuration Debug for project testSTM ****
make -j8 all 
arm-none-eabi-gcc "../Core/Src/main.c" -mcpu=cortex-m4 -std=gnu11 -g3 -DDEBUG -DUSE_HAL_DRIVER -DSTM32F401xC -c -I"C:/Users/govind/VeloCET/payload2.0/stm/testSTM/Core/ICM20948/util" -I../Core/Inc -I"C:/Users/govind/VeloCET/payload2.0/stm/testSTM/Core/ICM20948" -I../Drivers/STM32F4xx_HAL_Driver/Inc -I../Drivers/STM32F4xx_HAL_Driver/Inc/Legacy -I../Drivers/CMSIS/Device/ST/STM32F4xx/Include -I../Drivers/CMSIS/Include -O0 -ffunction-sections -fdata-sections -Wall -fstack-usage -fcyclomatic-complexity -MMD -MP -MF"Core/Src/main.d" -MT"Core/Src/main.o" --specs=nano.specs -mfpu=fpv4-sp-d16 -mfloat-abi=hard -mthumb -o "Core/Src/main.o"
../Core/Src/main.c: In function 'HAL_UART_ErrorCallback':
../Core/Src/main.c:297:35: warning: unused variable 'er' [-Wunused-variable]
  297 |                 volatile uint32_t er = HAL_UART_GetError(huart); // Clear flag
      |                                   ^~
../Core/Src/main.c:300:35: warning: unused variable 'er' [-Wunused-variable]
  300 |                 volatile uint32_t er = HAL_UART_GetError(huart);
      |                                   ^~
arm-none-eabi-g++ -o "testSTM.elf" @"objects.list"   -mcpu=cortex-m4 -T"C:\Users\govind\VeloCET\payload2.0\stm\testSTM\STM32F401CCUX_FLASH.ld" -Wl,-Map="testSTM.map" -Wl,--gc-sections -static --specs=nano.specs -mfpu=fpv4-sp-d16 -mfloat-abi=hard -mthumb -u _printf_float -Wl,--start-group -lc -lm -lstdc++ -lsupc++ -Wl,--end-group
Finished building target: testSTM.elf
 
arm-none-eabi-size  testSTM.elf 
arm-none-eabi-objdump -h -S testSTM.elf  > "testSTM.list"
   text	   data	    bss	    dec	    hex	filename
  40836	    472	   2320	  43628	   aa6c	testSTM.elf
Finished building: default.size.stdout
 
Finished building: testSTM.list
 
12:14:34 **** Incremental Build of configuration Debug for project testSTM ****
make -j8 all 
arm-none-eabi-gcc "../Core/Src/main.c" -mcpu=cortex-m4 -std=gnu11 -g3 -DDEBUG -DUSE_HAL_DRIVER -DSTM32F401xC -c -I"C:/Users/govind/VeloCET/payload2.0/stm/testSTM/Core/ICM20948/util" -I../Core/Inc -I"C:/Users/govind/VeloCET/payload2.0/stm/testSTM/Core/ICM20948" -I../Drivers/STM32F4xx_HAL_Driver/Inc -I../Drivers/STM32F4xx_HAL_Driver/Inc/Legacy -I../Drivers/CMSIS/Device/ST/STM32F4xx/Include -I../Drivers/CMSIS/Include -O0 -ffunction-sections -fdata-sections -Wall -fstack-usage -fcyclomatic-complexity -MMD -MP -MF"Core/Src/main.d" -MT"Core/Src/main.o" --specs=nano.specs -mfpu=fpv4-sp-d16 -mfloat-abi=hard -mthumb -o "Core/Src/main.o"
../Core/Src/main.c: In function 'main':
../Core/Src/main.c:92:13: warning: variable 'temp' set but not used [-Wunused-but-set-variable]
   92 |         int temp=0;
      |             ^~~~
../Core/Src/main.c: In function 'HAL_UART_ErrorCallback':
../Core/Src/main.c:298:35: warning: unused variable 'er' [-Wunused-variable]
  298 |                 volatile uint32_t er = HAL_UART_GetError(huart); // Clear flag
      |                                   ^~
../Core/Src/main.c:301:35: warning: unused variable 'er' [-Wunused-variable]
  301 |                 volatile uint32_t er = HAL_UART_GetError(huart);
      |                                   ^~
arm-none-eabi-g++ -o "testSTM.elf" @"objects.list"   -mcpu=cortex-m4 -T"C:\Users\govind\VeloCET\payload2.0\stm\testSTM\STM32F401CCUX_FLASH.ld" -Wl,-Map="testSTM.map" -Wl,--gc-sections -static --specs=nano.specs -mfpu=fpv4-sp-d16 -mfloat-abi=hard -mthumb -u _printf_float -Wl,--start-group -lc -lm -lstdc++ -lsupc++ -Wl,--end-group
Finished building target: testSTM.elf
 
arm-none-eabi-size  testSTM.elf 
arm-none-eabi-objdump -h -S testSTM.elf  > "testSTM.list"
   text	   data	    bss	    dec	    hex	filename
  40452	    472	   2320	  43244	   a8ec	testSTM.elf
Finished building: default.size.stdout
 
Finished building: testSTM.list
 
12:33:16 **** Incremental Build of configuration Debug for project testSTM ****
make -j8 all 
arm-none-eabi-gcc "../Core/Src/main.c" -mcpu=cortex-m4 -std=gnu11 -g3 -DDEBUG -DUSE_HAL_DRIVER -DSTM32F401xC -c -I"C:/Users/govind/VeloCET/payload2.0/stm/testSTM/Core/ICM20948/util" -I../Core/Inc -I"C:/Users/govind/VeloCET/payload2.0/stm/testSTM/Core/ICM20948" -I../Drivers/STM32F4xx_HAL_Driver/Inc -I../Drivers/STM32F4xx_HAL_Driver/Inc/Legacy -I../Drivers/CMSIS/Device/ST/STM32F4xx/Include -I../Drivers/CMSIS/Include -O0 -ffunction-sections -fdata-sections -Wall -fstack-usage -fcyclomatic-complexity -MMD -MP -MF"Core/Src/main.d" -MT"Core/Src/main.o" --specs=nano.specs -mfpu=fpv4-sp-d16 -mfloat-abi=hard -mthumb -o "Core/Src/main.o"
../Core/Src/main.c: In function 'main':
../Core/Src/main.c:92:13: warning: variable 'temp' set but not used [-Wunused-but-set-variable]
   92 |         int temp=0;
      |             ^~~~
../Core/Src/main.c: In function 'HAL_UART_ErrorCallback':
../Core/Src/main.c:298:35: warning: unused variable 'er' [-Wunused-variable]
  298 |                 volatile uint32_t er = HAL_UART_GetError(huart); // Clear flag
      |                                   ^~
../Core/Src/main.c:301:35: warning: unused variable 'er' [-Wunused-variable]
  301 |                 volatile uint32_t er = HAL_UART_GetError(huart);
      |                                   ^~
arm-none-eabi-g++ -o "testSTM.elf" @"objects.list"   -mcpu=cortex-m4 -T"C:\Users\govind\VeloCET\payload2.0\stm\testSTM\STM32F401CCUX_FLASH.ld" -Wl,-Map="testSTM.map" -Wl,--gc-sections -static --specs=nano.specs -mfpu=fpv4-sp-d16 -mfloat-abi=hard -mthumb -u _printf_float -Wl,--start-group -lc -lm -lstdc++ -lsupc++ -Wl,--end-group
Finished building target: testSTM.elf
 
arm-none-eabi-size  testSTM.elf 
arm-none-eabi-objdump -h -S testSTM.elf  > "testSTM.list"
   text	   data	    bss	    dec	    hex	filename
  40452	    472	   2320	  43244	   a8ec	testSTM.elf
Finished building: default.size.stdout
 
Finished building: testSTM.list
 
13:18:20 **** Incremental Build of configuration Debug for project testSTM ****
make -j8 all 
arm-none-eabi-gcc "../Core/Src/main.c" -mcpu=cortex-m4 -std=gnu11 -g3 -DDEBUG -DUSE_HAL_DRIVER -DSTM32F401xC -c -I"C:/Users/govind/VeloCET/payload2.0/stm/testSTM/Core/ICM20948/util" -I../Core/Inc -I"C:/Users/govind/VeloCET/payload2.0/stm/testSTM/Core/ICM20948" -I../Drivers/STM32F4xx_HAL_Driver/Inc -I../Drivers/STM32F4xx_HAL_Driver/Inc/Legacy -I../Drivers/CMSIS/Device/ST/STM32F4xx/Include -I../Drivers/CMSIS/Include -O0 -ffunction-sections -fdata-sections -Wall -fstack-usage -fcyclomatic-complexity -MMD -MP -MF"Core/Src/main.d" -MT"Core/Src/main.o" --specs=nano.specs -mfpu=fpv4-sp-d16 -mfloat-abi=hard -mthumb -o "Core/Src/main.o"
../Core/Src/main.c: In function 'main':
../Core/Src/main.c:94:13: warning: variable 'temp' set but not used [-Wunused-but-set-variable]
   94 |         int temp = 0;
      |             ^~~~
../Core/Src/main.c: In function 'HAL_UART_ErrorCallback':
../Core/Src/main.c:321:35: warning: unused variable 'er' [-Wunused-variable]
  321 |                 volatile uint32_t er = HAL_UART_GetError(huart); // Clear flag
      |                                   ^~
../Core/Src/main.c:324:35: warning: unused variable 'er' [-Wunused-variable]
  324 |                 volatile uint32_t er = HAL_UART_GetError(huart);
      |                                   ^~
arm-none-eabi-g++ -o "testSTM.elf" @"objects.list"   -mcpu=cortex-m4 -T"C:\Users\govind\VeloCET\payload2.0\stm\testSTM\STM32F401CCUX_FLASH.ld" -Wl,-Map="testSTM.map" -Wl,--gc-sections -static --specs=nano.specs -mfpu=fpv4-sp-d16 -mfloat-abi=hard -mthumb -u _printf_float -Wl,--start-group -lc -lm -lstdc++ -lsupc++ -Wl,--end-group
Finished building target: testSTM.elf
 
arm-none-eabi-size  testSTM.elf 
arm-none-eabi-objdump -h -S testSTM.elf  > "testSTM.list"
   text	   data	    bss	    dec	    hex	filename
  40652	    472	   2320	  43444	   a9b4	testSTM.elf
Finished building: default.size.stdout
 
Finished building: testSTM.list
 
13:19:39 **** Incremental Build of configuration Debug for project testSTM ****
make -j8 all 
arm-none-eabi-gcc "../Core/Src/main.c" -mcpu=cortex-m4 -std=gnu11 -g3 -DDEBUG -DUSE_HAL_DRIVER -DSTM32F401xC -c -I"C:/Users/govind/VeloCET/payload2.0/stm/testSTM/Core/ICM20948/util" -I../Core/Inc -I"C:/Users/govind/VeloCET/payload2.0/stm/testSTM/Core/ICM20948" -I../Drivers/STM32F4xx_HAL_Driver/Inc -I../Drivers/STM32F4xx_HAL_Driver/Inc/Legacy -I../Drivers/CMSIS/Device/ST/STM32F4xx/Include -I../Drivers/CMSIS/Include -O0 -ffunction-sections -fdata-sections -Wall -fstack-usage -fcyclomatic-complexity -MMD -MP -MF"Core/Src/main.d" -MT"Core/Src/main.o" --specs=nano.specs -mfpu=fpv4-sp-d16 -mfloat-abi=hard -mthumb -o "Core/Src/main.o"
../Core/Src/main.c: In function 'main':
../Core/Src/main.c:94:13: warning: variable 'temp' set but not used [-Wunused-but-set-variable]
   94 |         int temp = 0;
      |             ^~~~
../Core/Src/main.c: In function 'HAL_UART_ErrorCallback':
../Core/Src/main.c:320:35: warning: unused variable 'er' [-Wunused-variable]
  320 |                 volatile uint32_t er = HAL_UART_GetError(huart); // Clear flag
      |                                   ^~
../Core/Src/main.c:323:35: warning: unused variable 'er' [-Wunused-variable]
  323 |                 volatile uint32_t er = HAL_UART_GetError(huart);
      |                                   ^~
arm-none-eabi-g++ -o "testSTM.elf" @"objects.list"   -mcpu=cortex-m4 -T"C:\Users\govind\VeloCET\payload2.0\stm\testSTM\STM32F401CCUX_FLASH.ld" -Wl,-Map="testSTM.map" -Wl,--gc-sections -static --specs=nano.specs -mfpu=fpv4-sp-d16 -mfloat-abi=hard -mthumb -u _printf_float -Wl,--start-group -lc -lm -lstdc++ -lsupc++ -Wl,--end-group
Finished building target: testSTM.elf
 
arm-none-eabi-size  testSTM.elf 
arm-none-eabi-objdump -h -S testSTM.elf  > "testSTM.list"
   text	   data	    bss	    dec	    hex	filename
  40556	    472	   2320	  43348	   a954	testSTM.elf
Finished building: default.size.stdout
 
Finished building: testSTM.list
 
13:20:37 **** Incremental Build of configuration Debug for project testSTM ****
make -j8 all 
arm-none-eabi-gcc "../Core/Src/main.c" -mcpu=cortex-m4 -std=gnu11 -g3 -DDEBUG -DUSE_HAL_DRIVER -DSTM32F401xC -c -I"C:/Users/govind/VeloCET/payload2.0/stm/testSTM/Core/ICM20948/util" -I../Core/Inc -I"C:/Users/govind/VeloCET/payload2.0/stm/testSTM/Core/ICM20948" -I../Drivers/STM32F4xx_HAL_Driver/Inc -I../Drivers/STM32F4xx_HAL_Driver/Inc/Legacy -I../Drivers/CMSIS/Device/ST/STM32F4xx/Include -I../Drivers/CMSIS/Include -O0 -ffunction-sections -fdata-sections -Wall -fstack-usage -fcyclomatic-complexity -MMD -MP -MF"Core/Src/main.d" -MT"Core/Src/main.o" --specs=nano.specs -mfpu=fpv4-sp-d16 -mfloat-abi=hard -mthumb -o "Core/Src/main.o"
../Core/Src/main.c: In function 'main':
../Core/Src/main.c:94:13: warning: variable 'temp' set but not used [-Wunused-but-set-variable]
   94 |         int temp = 0;
      |             ^~~~
../Core/Src/main.c: In function 'HAL_UART_ErrorCallback':
../Core/Src/main.c:320:35: warning: unused variable 'er' [-Wunused-variable]
  320 |                 volatile uint32_t er = HAL_UART_GetError(huart); // Clear flag
      |                                   ^~
../Core/Src/main.c:323:35: warning: unused variable 'er' [-Wunused-variable]
  323 |                 volatile uint32_t er = HAL_UART_GetError(huart);
      |                                   ^~
arm-none-eabi-g++ -o "testSTM.elf" @"objects.list"   -mcpu=cortex-m4 -T"C:\Users\govind\VeloCET\payload2.0\stm\testSTM\STM32F401CCUX_FLASH.ld" -Wl,-Map="testSTM.map" -Wl,--gc-sections -static --specs=nano.specs -mfpu=fpv4-sp-d16 -mfloat-abi=hard -mthumb -u _printf_float -Wl,--start-group -lc -lm -lstdc++ -lsupc++ -Wl,--end-group
Finished building target: testSTM.elf
 
arm-none-eabi-size  testSTM.elf 
arm-none-eabi-objdump -h -S testSTM.elf  > "testSTM.list"
   text	   data	    bss	    dec	    hex	filename
  40556	    472	   2320	  43348	   a954	testSTM.elf
Finished building: default.size.stdout
 
Finished building: testSTM.list
 
13:22:04 **** Incremental Build of configuration Debug for project testSTM ****
make -j8 all 
arm-none-eabi-gcc "../Core/Src/main.c" -mcpu=cortex-m4 -std=gnu11 -g3 -DDEBUG -DUSE_HAL_DRIVER -DSTM32F401xC -c -I"C:/Users/govind/VeloCET/payload2.0/stm/testSTM/Core/ICM20948/util" -I../Core/Inc -I"C:/Users/govind/VeloCET/payload2.0/stm/testSTM/Core/ICM20948" -I../Drivers/STM32F4xx_HAL_Driver/Inc -I../Drivers/STM32F4xx_HAL_Driver/Inc/Legacy -I../Drivers/CMSIS/Device/ST/STM32F4xx/Include -I../Drivers/CMSIS/Include -O0 -ffunction-sections -fdata-sections -Wall -fstack-usage -fcyclomatic-complexity -MMD -MP -MF"Core/Src/main.d" -MT"Core/Src/main.o" --specs=nano.specs -mfpu=fpv4-sp-d16 -mfloat-abi=hard -mthumb -o "Core/Src/main.o"
../Core/Src/main.c: In function 'main':
../Core/Src/main.c:94:13: warning: variable 'temp' set but not used [-Wunused-but-set-variable]
   94 |         int temp = 0;
      |             ^~~~
../Core/Src/main.c: In function 'HAL_UART_ErrorCallback':
../Core/Src/main.c:320:35: warning: unused variable 'er' [-Wunused-variable]
  320 |                 volatile uint32_t er = HAL_UART_GetError(huart); // Clear flag
      |                                   ^~
../Core/Src/main.c:323:35: warning: unused variable 'er' [-Wunused-variable]
  323 |                 volatile uint32_t er = HAL_UART_GetError(huart);
      |                                   ^~
arm-none-eabi-g++ -o "testSTM.elf" @"objects.list"   -mcpu=cortex-m4 -T"C:\Users\govind\VeloCET\payload2.0\stm\testSTM\STM32F401CCUX_FLASH.ld" -Wl,-Map="testSTM.map" -Wl,--gc-sections -static --specs=nano.specs -mfpu=fpv4-sp-d16 -mfloat-abi=hard -mthumb -u _printf_float -Wl,--start-group -lc -lm -lstdc++ -lsupc++ -Wl,--end-group
Finished building target: testSTM.elf
 
arm-none-eabi-size  testSTM.elf 
arm-none-eabi-objdump -h -S testSTM.elf  > "testSTM.list"
   text	   data	    bss	    dec	    hex	filename
  40556	    472	   2320	  43348	   a954	testSTM.elf
Finished building: default.size.stdout
 
Finished building: testSTM.list
 
13:26:11 **** Incremental Build of configuration Debug for project testSTM ****
make -j8 all 
arm-none-eabi-gcc "../Core/Src/main.c" -mcpu=cortex-m4 -std=gnu11 -g3 -DDEBUG -DUSE_HAL_DRIVER -DSTM32F401xC -c -I"C:/Users/govind/VeloCET/payload2.0/stm/testSTM/Core/ICM20948/util" -I../Core/Inc -I"C:/Users/govind/VeloCET/payload2.0/stm/testSTM/Core/ICM20948" -I../Drivers/STM32F4xx_HAL_Driver/Inc -I../Drivers/STM32F4xx_HAL_Driver/Inc/Legacy -I../Drivers/CMSIS/Device/ST/STM32F4xx/Include -I../Drivers/CMSIS/Include -O0 -ffunction-sections -fdata-sections -Wall -fstack-usage -fcyclomatic-complexity -MMD -MP -MF"Core/Src/main.d" -MT"Core/Src/main.o" --specs=nano.specs -mfpu=fpv4-sp-d16 -mfloat-abi=hard -mthumb -o "Core/Src/main.o"
../Core/Src/main.c: In function 'main':
../Core/Src/main.c:169:56: error: 'q0' undeclared (first use in this function); did you mean 'j0'?
  169 |                         printf("theta:%0.4f\n",rocketQ,q0);
      |                                                        ^~
      |                                                        j0
../Core/Src/main.c:169:56: note: each undeclared identifier is reported only once for each function it appears in
../Core/Src/main.c:94:13: warning: variable 'temp' set but not used [-Wunused-but-set-variable]
   94 |         int temp = 0;
      |             ^~~~
../Core/Src/main.c: In function 'HAL_UART_ErrorCallback':
../Core/Src/main.c:320:35: warning: unused variable 'er' [-Wunused-variable]
  320 |                 volatile uint32_t er = HAL_UART_GetError(huart); // Clear flag
      |                                   ^~
../Core/Src/main.c:323:35: warning: unused variable 'er' [-Wunused-variable]
  323 |                 volatile uint32_t er = HAL_UART_GetError(huart);
      |                                   ^~
make: *** [Core/Src/subdir.mk:34: Core/Src/main.o] Error 1
"make -j8 all" terminated with exit code 2. Build might be incomplete.
13:26:23 **** Incremental Build of configuration Debug for project testSTM ****
make -j8 all 
arm-none-eabi-gcc "../Core/Src/main.c" -mcpu=cortex-m4 -std=gnu11 -g3 -DDEBUG -DUSE_HAL_DRIVER -DSTM32F401xC -c -I"C:/Users/govind/VeloCET/payload2.0/stm/testSTM/Core/ICM20948/util" -I../Core/Inc -I"C:/Users/govind/VeloCET/payload2.0/stm/testSTM/Core/ICM20948" -I../Drivers/STM32F4xx_HAL_Driver/Inc -I../Drivers/STM32F4xx_HAL_Driver/Inc/Legacy -I../Drivers/CMSIS/Device/ST/STM32F4xx/Include -I../Drivers/CMSIS/Include -O0 -ffunction-sections -fdata-sections -Wall -fstack-usage -fcyclomatic-complexity -MMD -MP -MF"Core/Src/main.d" -MT"Core/Src/main.o" --specs=nano.specs -mfpu=fpv4-sp-d16 -mfloat-abi=hard -mthumb -o "Core/Src/main.o"
../Core/Src/main.c: In function 'main':
../Core/Src/main.c:94:13: warning: variable 'temp' set but not used [-Wunused-but-set-variable]
   94 |         int temp = 0;
      |             ^~~~
../Core/Src/main.c: In function 'HAL_UART_ErrorCallback':
../Core/Src/main.c:320:35: warning: unused variable 'er' [-Wunused-variable]
  320 |                 volatile uint32_t er = HAL_UART_GetError(huart); // Clear flag
      |                                   ^~
../Core/Src/main.c:323:35: warning: unused variable 'er' [-Wunused-variable]
  323 |                 volatile uint32_t er = HAL_UART_GetError(huart);
      |                                   ^~
arm-none-eabi-g++ -o "testSTM.elf" @"objects.list"   -mcpu=cortex-m4 -T"C:\Users\govind\VeloCET\payload2.0\stm\testSTM\STM32F401CCUX_FLASH.ld" -Wl,-Map="testSTM.map" -Wl,--gc-sections -static --specs=nano.specs -mfpu=fpv4-sp-d16 -mfloat-abi=hard -mthumb -u _printf_float -Wl,--start-group -lc -lm -lstdc++ -lsupc++ -Wl,--end-group
Finished building target: testSTM.elf
 
arm-none-eabi-size  testSTM.elf 
arm-none-eabi-objdump -h -S testSTM.elf  > "testSTM.list"
   text	   data	    bss	    dec	    hex	filename
  40556	    472	   2320	  43348	   a954	testSTM.elf
Finished building: default.size.stdout
 
Finished building: testSTM.list
 
